<?xml version="1.0" encoding="UTF-8"?>
<!-- Generated by org.testng.reporters.JUnitReportReporter -->
<testsuite skipped="0" hostname="Niranjan" name="com.testcases.LoginTest" tests="1" failures="0" timestamp="17 Aug 2017 13:14:20 GMT" time="28.536" errors="0">
  <testcase name="testng" time="28.536" classname="com.testcases.LoginTest"/>
</testsuite> <!-- com.testcases.LoginTest -->
