<?xml version="1.0" encoding="UTF-8"?>
<!-- Generated by org.testng.reporters.JUnitReportReporter -->
<testsuite skipped="0" hostname="Niranjan" name="com.testcases.CreateOpportunity" tests="1" failures="0" timestamp="16 Aug 2017 13:08:10 GMT" time="26.392" errors="0">
  <testcase name="Browser" time="26.392" classname="com.testcases.CreateOpportunity"/>
</testsuite> <!-- com.testcases.CreateOpportunity -->
