<?xml version="1.0" encoding="UTF-8"?>
<!-- Generated by org.testng.reporters.JUnitReportReporter -->
<testsuite skipped="0" hostname="Niranjan" name="com.testcases.LoginTest" tests="1" failures="0" timestamp="18 Aug 2017 11:33:11 GMT" time="29.238" errors="0">
  <testcase name="testng" time="29.238" classname="com.testcases.LoginTest"/>
</testsuite> <!-- com.testcases.LoginTest -->
